#
# There is insufficient memory for the Java Runtime Environment to continue.
# Native memory allocation (malloc) failed to allocate 151696 bytes for Chunk::new
# Possible reasons:
#   The system is out of physical RAM or swap space
#   The process is running with CompressedOops enabled, and the Java Heap may be blocking the growth of the native heap
# Possible solutions:
#   Reduce memory load on the system
#   Increase physical memory or swap space
#   Check if swap backing store is full
#   Decrease Java heap size (-Xmx/-Xms)
#   Decrease number of Java threads
#   Decrease Java thread stack sizes (-Xss)
#   Set larger code cache with -XX:ReservedCodeCacheSize=
#   JVM is running with Unscaled Compressed Oops mode in which the Java heap is
#     placed in the first 4GB address space. The Java Heap base address is the
#     maximum limit for the native heap growth. Please use -XX:HeapBaseMinAddress
#     to set the Java Heap base and to place the Java Heap above 4GB virtual address.
# This output file may be truncated or incomplete.
#
#  Out of Memory Error (./open/src/hotspot/share/memory/arena.cpp:197), pid=29668, tid=22772
#
# JRE version: Java(TM) SE Runtime Environment 18.9 (11.0.17+10) (build 11.0.17+10-LTS-269)
# Java VM: Java HotSpot(TM) 64-Bit Server VM 18.9 (11.0.17+10-LTS-269, mixed mode, tiered, compressed oops, g1 gc, windows-amd64)
# No core dump will be written. Minidumps are not enabled by default on client versions of Windows
#

---------------  S U M M A R Y ------------

Command Line: -Dfile.encoding=UTF-8 --module-path=C:\Users\LENOVO\OneDrive\Documents\NetBeansProjects\UniversityMangementSystem\build\classes Univerist.management.system.Project

Host: 11th Gen Intel(R) Core(TM) i5-1135G7 @ 2.40GHz, 8 cores, 7G,  Windows 11 , 64 bit Build 22621 (10.0.22621.2428)
Time: Tue Oct 17 00:03:45 2023 India Standard Time elapsed time: 0.147272 seconds (0d 0h 0m 0s)

---------------  T H R E A D  ---------------

Current thread (0x0000021fb36ee000):  JavaThread "C2 CompilerThread0" daemon [_thread_in_native, id=22772, stack(0x000000e96e500000,0x000000e96e600000)]


Current CompileTask:
C2:    147  182       4       java.util.HashMap::putVal (300 bytes)

Stack: [0x000000e96e500000,0x000000e96e600000]
Native frames: (J=compiled Java code, j=interpreted, Vv=VM code, C=native code)
V  [jvm.dll+0x62b5da]
V  [jvm.dll+0x7653df]
V  [jvm.dll+0x766a89]
V  [jvm.dll+0x767113]
V  [jvm.dll+0x23dd28]
V  [jvm.dll+0xb2a1c]
V  [jvm.dll+0xb2fdc]
V  [jvm.dll+0x2aeaa4]
V  [jvm.dll+0x53e83b]
V  [jvm.dll+0x200b17]
V  [jvm.dll+0x1fa89a]
V  [jvm.dll+0x1f77dd]
V  [jvm.dll+0x177c91]
V  [jvm.dll+0x207296]
V  [jvm.dll+0x20542b]
V  [jvm.dll+0x72b2c0]
V  [jvm.dll+0x723e64]
V  [jvm.dll+0x62a485]
C  [ucrtbase.dll+0x29363]
C  [KERNEL32.DLL+0x1257d]
C  [ntdll.dll+0x5aa78]


---------------  P R O C E S S  ---------------

Threads class SMR info:
_java_thread_list=0x0000021fb37a5230, length=10, elements={
0x0000021f950c5000, 0x0000021fb2e66000, 0x0000021fb3690800, 0x0000021fb36e6800,
0x0000021fb36e9800, 0x0000021fb36ec800, 0x0000021fb36ee000, 0x0000021fb36f0000,
0x0000021fb36f5800, 0x0000021fb36f7800
}

Java Threads: ( => current thread )
  0x0000021f950c5000 JavaThread "main" [_thread_blocked, id=9152, stack(0x000000e96d900000,0x000000e96da00000)]
  0x0000021fb2e66000 JavaThread "Reference Handler" daemon [_thread_blocked, id=28688, stack(0x000000e96e000000,0x000000e96e100000)]
  0x0000021fb3690800 JavaThread "Finalizer" daemon [_thread_blocked, id=13188, stack(0x000000e96e100000,0x000000e96e200000)]
  0x0000021fb36e6800 JavaThread "Signal Dispatcher" daemon [_thread_blocked, id=15492, stack(0x000000e96e200000,0x000000e96e300000)]
  0x0000021fb36e9800 JavaThread "Attach Listener" daemon [_thread_blocked, id=22432, stack(0x000000e96e300000,0x000000e96e400000)]
  0x0000021fb36ec800 JavaThread "Service Thread" daemon [_thread_blocked, id=29312, stack(0x000000e96e400000,0x000000e96e500000)]
=>0x0000021fb36ee000 JavaThread "C2 CompilerThread0" daemon [_thread_in_native, id=22772, stack(0x000000e96e500000,0x000000e96e600000)]
  0x0000021fb36f0000 JavaThread "C1 CompilerThread0" daemon [_thread_blocked, id=27020, stack(0x000000e96e600000,0x000000e96e700000)]
  0x0000021fb36f5800 JavaThread "Sweeper thread" daemon [_thread_blocked, id=28876, stack(0x000000e96e700000,0x000000e96e800000)]
  0x0000021fb36f7800 JavaThread "Common-Cleaner" daemon [_thread_blocked, id=16328, stack(0x000000e96e800000,0x000000e96e900000)]

Other Threads:
  0x0000021fb2e60800 VMThread "VM Thread" [stack: 0x000000e96df00000,0x000000e96e000000] [id=21684]
  0x0000021fb3911800 WatcherThread [stack: 0x000000e96e900000,0x000000e96ea00000] [id=12204]
  0x0000021f950da000 GCTaskThread "GC Thread#0" [stack: 0x000000e96da00000,0x000000e96db00000] [id=19548]
  0x0000021fb4390800 GCTaskThread "GC Thread#1" [stack: 0x000000e96ea00000,0x000000e96eb00000] [id=28952]
  0x0000021f9510a000 ConcurrentGCThread "G1 Main Marker" [stack: 0x000000e96db00000,0x000000e96dc00000] [id=29060]
  0x0000021f9510b800 ConcurrentGCThread "G1 Conc#0" [stack: 0x000000e96dc00000,0x000000e96dd00000] [id=29272]
  0x0000021fb4397000 ConcurrentGCThread "G1 Conc#1" [stack: 0x000000e96eb00000,0x000000e96ec00000] [id=28584]
  0x0000021f9519d800 ConcurrentGCThread "G1 Refine#0" [stack: 0x000000e96dd00000,0x000000e96de00000] [id=29200]
  0x0000021fb2cbf800 ConcurrentGCThread "G1 Young RemSet Sampling" [stack: 0x000000e96de00000,0x000000e96df00000] [id=29196]

Threads with active compile tasks:
C2 CompilerThread0      161  182       4       java.util.HashMap::putVal (300 bytes)
C1 CompilerThread0      161  188       3       java.lang.String::charAt (25 bytes)

VM state:at safepoint (normal execution)

VM Mutex/Monitor currently owned by a thread:  ([mutex/lock_event])
[0x0000021f950bebe0] Threads_lock - owner thread: 0x0000021fb2e60800
[0x0000021f950bee20] Heap_lock - owner thread: 0x0000021f950c5000

Heap address: 0x0000000084c00000, size: 1972 MB, Compressed Oops mode: 32-bit
Narrow klass base: 0x0000000000000000, Narrow klass shift: 3
Compressed class space size: 1073741824 Address: 0x0000000100000000

Heap:
 garbage-first heap   total 126976K, used 748K [0x0000000084c00000, 0x0000000100000000)
  region size 1024K, 1 young (1024K), 1 survivors (1024K)
 Metaspace       used 5586K, capacity 5612K, committed 5632K, reserved 1064960K
  class space    used 495K, capacity 508K, committed 512K, reserved 1048576K
Heap Regions: E=young(eden), S=young(survivor), O=old, HS=humongous(starts), HC=humongous(continues), CS=collection set, F=free, A=archive, TAMS=top-at-mark-start (previous, next)
|   0|0x0000000084c00000, 0x0000000084c00000, 0x0000000084d00000|  0%| F|  |TAMS 0x0000000084c00000, 0x0000000084c00000| Untracked 
|   1|0x0000000084d00000, 0x0000000084d00000, 0x0000000084e00000|  0%| F|  |TAMS 0x0000000084d00000, 0x0000000084d00000| Untracked 
|   2|0x0000000084e00000, 0x0000000084e00000, 0x0000000084f00000|  0%| F|  |TAMS 0x0000000084e00000, 0x0000000084e00000| Untracked 
|   3|0x0000000084f00000, 0x0000000084f00000, 0x0000000085000000|  0%| F|  |TAMS 0x0000000084f00000, 0x0000000084f00000| Untracked 
|   4|0x0000000085000000, 0x0000000085000000, 0x0000000085100000|  0%| F|  |TAMS 0x0000000085000000, 0x0000000085000000| Untracked 
|   5|0x0000000085100000, 0x0000000085100000, 0x0000000085200000|  0%| F|  |TAMS 0x0000000085100000, 0x0000000085100000| Untracked 
|   6|0x0000000085200000, 0x0000000085200000, 0x0000000085300000|  0%| F|  |TAMS 0x0000000085200000, 0x0000000085200000| Untracked 
|   7|0x0000000085300000, 0x0000000085300000, 0x0000000085400000|  0%| F|  |TAMS 0x0000000085300000, 0x0000000085300000| Untracked 
|   8|0x0000000085400000, 0x0000000085400000, 0x0000000085500000|  0%| F|  |TAMS 0x0000000085400000, 0x0000000085400000| Untracked 
|   9|0x0000000085500000, 0x0000000085500000, 0x0000000085600000|  0%| F|  |TAMS 0x0000000085500000, 0x0000000085500000| Untracked 
|  10|0x0000000085600000, 0x0000000085600000, 0x0000000085700000|  0%| F|  |TAMS 0x0000000085600000, 0x0000000085600000| Untracked 
|  11|0x0000000085700000, 0x0000000085700000, 0x0000000085800000|  0%| F|  |TAMS 0x0000000085700000, 0x0000000085700000| Untracked 
|  12|0x0000000085800000, 0x0000000085800000, 0x0000000085900000|  0%| F|  |TAMS 0x0000000085800000, 0x0000000085800000| Untracked 
|  13|0x0000000085900000, 0x0000000085900000, 0x0000000085a00000|  0%| F|  |TAMS 0x0000000085900000, 0x0000000085900000| Untracked 
|  14|0x0000000085a00000, 0x0000000085a00000, 0x0000000085b00000|  0%| F|  |TAMS 0x0000000085a00000, 0x0000000085a00000| Untracked 
|  15|0x0000000085b00000, 0x0000000085b00000, 0x0000000085c00000|  0%| F|  |TAMS 0x0000000085b00000, 0x0000000085b00000| Untracked 
|  16|0x0000000085c00000, 0x0000000085c00000, 0x0000000085d00000|  0%| F|  |TAMS 0x0000000085c00000, 0x0000000085c00000| Untracked 
|  17|0x0000000085d00000, 0x0000000085d00000, 0x0000000085e00000|  0%| F|  |TAMS 0x0000000085d00000, 0x0000000085d00000| Untracked 
|  18|0x0000000085e00000, 0x0000000085e00000, 0x0000000085f00000|  0%| F|  |TAMS 0x0000000085e00000, 0x0000000085e00000| Untracked 
|  19|0x0000000085f00000, 0x0000000085f00000, 0x0000000086000000|  0%| F|  |TAMS 0x0000000085f00000, 0x0000000085f00000| Untracked 
|  20|0x0000000086000000, 0x0000000086000000, 0x0000000086100000|  0%| F|  |TAMS 0x0000000086000000, 0x0000000086000000| Untracked 
|  21|0x0000000086100000, 0x0000000086100000, 0x0000000086200000|  0%| F|  |TAMS 0x0000000086100000, 0x0000000086100000| Untracked 
|  22|0x0000000086200000, 0x0000000086200000, 0x0000000086300000|  0%| F|  |TAMS 0x0000000086200000, 0x0000000086200000| Untracked 
|  23|0x0000000086300000, 0x0000000086300000, 0x0000000086400000|  0%| F|  |TAMS 0x0000000086300000, 0x0000000086300000| Untracked 
|  24|0x0000000086400000, 0x0000000086400000, 0x0000000086500000|  0%| F|  |TAMS 0x0000000086400000, 0x0000000086400000| Untracked 
|  25|0x0000000086500000, 0x0000000086500000, 0x0000000086600000|  0%| F|  |TAMS 0x0000000086500000, 0x0000000086500000| Untracked 
|  26|0x0000000086600000, 0x0000000086600000, 0x0000000086700000|  0%| F|  |TAMS 0x0000000086600000, 0x0000000086600000| Untracked 
|  27|0x0000000086700000, 0x0000000086700000, 0x0000000086800000|  0%| F|  |TAMS 0x0000000086700000, 0x0000000086700000| Untracked 
|  28|0x0000000086800000, 0x0000000086800000, 0x0000000086900000|  0%| F|  |TAMS 0x0000000086800000, 0x0000000086800000| Untracked 
|  29|0x0000000086900000, 0x0000000086900000, 0x0000000086a00000|  0%| F|  |TAMS 0x0000000086900000, 0x0000000086900000| Untracked 
|  30|0x0000000086a00000, 0x0000000086a00000, 0x0000000086b00000|  0%| F|  |TAMS 0x0000000086a00000, 0x0000000086a00000| Untracked 
|  31|0x0000000086b00000, 0x0000000086b00000, 0x0000000086c00000|  0%| F|  |TAMS 0x0000000086b00000, 0x0000000086b00000| Untracked 
|  32|0x0000000086c00000, 0x0000000086c00000, 0x0000000086d00000|  0%| F|  |TAMS 0x0000000086c00000, 0x0000000086c00000| Untracked 
|  33|0x0000000086d00000, 0x0000000086d00000, 0x0000000086e00000|  0%| F|  |TAMS 0x0000000086d00000, 0x0000000086d00000| Untracked 
|  34|0x0000000086e00000, 0x0000000086e00000, 0x0000000086f00000|  0%| F|  |TAMS 0x0000000086e00000, 0x0000000086e00000| Untracked 
|  35|0x0000000086f00000, 0x0000000086f00000, 0x0000000087000000|  0%| F|  |TAMS 0x0000000086f00000, 0x0000000086f00000| Untracked 
|  36|0x0000000087000000, 0x0000000087000000, 0x0000000087100000|  0%| F|  |TAMS 0x0000000087000000, 0x0000000087000000| Untracked 
|  37|0x0000000087100000, 0x0000000087100000, 0x0000000087200000|  0%| F|  |TAMS 0x0000000087100000, 0x0000000087100000| Untracked 
|  38|0x0000000087200000, 0x0000000087200000, 0x0000000087300000|  0%| F|  |TAMS 0x0000000087200000, 0x0000000087200000| Untracked 
|  39|0x0000000087300000, 0x0000000087300000, 0x0000000087400000|  0%| F|  |TAMS 0x0000000087300000, 0x0000000087300000| Untracked 
|  40|0x0000000087400000, 0x0000000087400000, 0x0000000087500000|  0%| F|  |TAMS 0x0000000087400000, 0x0000000087400000| Untracked 
|  41|0x0000000087500000, 0x0000000087500000, 0x0000000087600000|  0%| F|  |TAMS 0x0000000087500000, 0x0000000087500000| Untracked 
|  42|0x0000000087600000, 0x0000000087600000, 0x0000000087700000|  0%| F|  |TAMS 0x0000000087600000, 0x0000000087600000| Untracked 
|  43|0x0000000087700000, 0x0000000087700000, 0x0000000087800000|  0%| F|  |TAMS 0x0000000087700000, 0x0000000087700000| Untracked 
|  44|0x0000000087800000, 0x0000000087800000, 0x0000000087900000|  0%| F|  |TAMS 0x0000000087800000, 0x0000000087800000| Untracked 
|  45|0x0000000087900000, 0x0000000087900000, 0x0000000087a00000|  0%| F|  |TAMS 0x0000000087900000, 0x0000000087900000| Untracked 
|  46|0x0000000087a00000, 0x0000000087a00000, 0x0000000087b00000|  0%| F|  |TAMS 0x0000000087a00000, 0x0000000087a00000| Untracked 
|  47|0x0000000087b00000, 0x0000000087b00000, 0x0000000087c00000|  0%| F|  |TAMS 0x0000000087b00000, 0x0000000087b00000| Untracked 
|  48|0x0000000087c00000, 0x0000000087c00000, 0x0000000087d00000|  0%| F|  |TAMS 0x0000000087c00000, 0x0000000087c00000| Untracked 
|  49|0x0000000087d00000, 0x0000000087d00000, 0x0000000087e00000|  0%| F|  |TAMS 0x0000000087d00000, 0x0000000087d00000| Untracked 
|  50|0x0000000087e00000, 0x0000000087e00000, 0x0000000087f00000|  0%| F|  |TAMS 0x0000000087e00000, 0x0000000087e00000| Untracked 
|  51|0x0000000087f00000, 0x0000000087f00000, 0x0000000088000000|  0%| F|  |TAMS 0x0000000087f00000, 0x0000000087f00000| Untracked 
|  52|0x0000000088000000, 0x0000000088000000, 0x0000000088100000|  0%| F|  |TAMS 0x0000000088000000, 0x0000000088000000| Untracked 
|  53|0x0000000088100000, 0x0000000088100000, 0x0000000088200000|  0%| F|  |TAMS 0x0000000088100000, 0x0000000088100000| Untracked 
|  54|0x0000000088200000, 0x0000000088200000, 0x0000000088300000|  0%| F|  |TAMS 0x0000000088200000, 0x0000000088200000| Untracked 
|  55|0x0000000088300000, 0x0000000088300000, 0x0000000088400000|  0%| F|  |TAMS 0x0000000088300000, 0x0000000088300000| Untracked 
|  56|0x0000000088400000, 0x0000000088400000, 0x0000000088500000|  0%| F|  |TAMS 0x0000000088400000, 0x0000000088400000| Untracked 
|  57|0x0000000088500000, 0x0000000088500000, 0x0000000088600000|  0%| F|  |TAMS 0x0000000088500000, 0x0000000088500000| Untracked 
|  58|0x0000000088600000, 0x0000000088600000, 0x0000000088700000|  0%| F|  |TAMS 0x0000000088600000, 0x0000000088600000| Untracked 
|  59|0x0000000088700000, 0x0000000088700000, 0x0000000088800000|  0%| F|  |TAMS 0x0000000088700000, 0x0000000088700000| Untracked 
|  60|0x0000000088800000, 0x0000000088800000, 0x0000000088900000|  0%| F|  |TAMS 0x0000000088800000, 0x0000000088800000| Untracked 
|  61|0x0000000088900000, 0x0000000088900000, 0x0000000088a00000|  0%| F|  |TAMS 0x0000000088900000, 0x0000000088900000| Untracked 
|  62|0x0000000088a00000, 0x0000000088a00000, 0x0000000088b00000|  0%| F|  |TAMS 0x0000000088a00000, 0x0000000088a00000| Untracked 
|  63|0x0000000088b00000, 0x0000000088b00000, 0x0000000088c00000|  0%| F|  |TAMS 0x0000000088b00000, 0x0000000088b00000| Untracked 
|  64|0x0000000088c00000, 0x0000000088c00000, 0x0000000088d00000|  0%| F|  |TAMS 0x0000000088c00000, 0x0000000088c00000| Untracked 
|  65|0x0000000088d00000, 0x0000000088d00000, 0x0000000088e00000|  0%| F|  |TAMS 0x0000000088d00000, 0x0000000088d00000| Untracked 
|  66|0x0000000088e00000, 0x0000000088e00000, 0x0000000088f00000|  0%| F|  |TAMS 0x0000000088e00000, 0x0000000088e00000| Untracked 
|  67|0x0000000088f00000, 0x0000000088f00000, 0x0000000089000000|  0%| F|  |TAMS 0x0000000088f00000, 0x0000000088f00000| Untracked 
|  68|0x0000000089000000, 0x0000000089000000, 0x0000000089100000|  0%| F|  |TAMS 0x0000000089000000, 0x0000000089000000| Untracked 
|  69|0x0000000089100000, 0x0000000089100000, 0x0000000089200000|  0%| F|  |TAMS 0x0000000089100000, 0x0000000089100000| Untracked 
|  70|0x0000000089200000, 0x0000000089200000, 0x0000000089300000|  0%| F|  |TAMS 0x0000000089200000, 0x0000000089200000| Untracked 
|  71|0x0000000089300000, 0x0000000089300000, 0x0000000089400000|  0%| F|  |TAMS 0x0000000089300000, 0x0000000089300000| Untracked 
|  72|0x0000000089400000, 0x0000000089400000, 0x0000000089500000|  0%| F|  |TAMS 0x0000000089400000, 0x0000000089400000| Untracked 
|  73|0x0000000089500000, 0x0000000089500000, 0x0000000089600000|  0%| F|  |TAMS 0x0000000089500000, 0x0000000089500000| Untracked 
|  74|0x0000000089600000, 0x0000000089600000, 0x0000000089700000|  0%| F|  |TAMS 0x0000000089600000, 0x0000000089600000| Untracked 
|  75|0x0000000089700000, 0x0000000089700000, 0x0000000089800000|  0%| F|  |TAMS 0x0000000089700000, 0x0000000089700000| Untracked 
|  76|0x0000000089800000, 0x0000000089800000, 0x0000000089900000|  0%| F|  |TAMS 0x0000000089800000, 0x0000000089800000| Untracked 
|  77|0x0000000089900000, 0x0000000089900000, 0x0000000089a00000|  0%| F|  |TAMS 0x0000000089900000, 0x0000000089900000| Untracked 
|  78|0x0000000089a00000, 0x0000000089a00000, 0x0000000089b00000|  0%| F|  |TAMS 0x0000000089a00000, 0x0000000089a00000| Untracked 
|  79|0x0000000089b00000, 0x0000000089b00000, 0x0000000089c00000|  0%| F|  |TAMS 0x0000000089b00000, 0x0000000089b00000| Untracked 
|  80|0x0000000089c00000, 0x0000000089c00000, 0x0000000089d00000|  0%| F|  |TAMS 0x0000000089c00000, 0x0000000089c00000| Untracked 
|  81|0x0000000089d00000, 0x0000000089d00000, 0x0000000089e00000|  0%| F|  |TAMS 0x0000000089d00000, 0x0000000089d00000| Untracked 
|  82|0x0000000089e00000, 0x0000000089e00000, 0x0000000089f00000|  0%| F|  |TAMS 0x0000000089e00000, 0x0000000089e00000| Untracked 
|  83|0x0000000089f00000, 0x0000000089f00000, 0x000000008a000000|  0%| F|  |TAMS 0x0000000089f00000, 0x0000000089f00000| Untracked 
|  84|0x000000008a000000, 0x000000008a000000, 0x000000008a100000|  0%| F|  |TAMS 0x000000008a000000, 0x000000008a000000| Untracked 
|  85|0x000000008a100000, 0x000000008a100000, 0x000000008a200000|  0%| F|  |TAMS 0x000000008a100000, 0x000000008a100000| Untracked 
|  86|0x000000008a200000, 0x000000008a200000, 0x000000008a300000|  0%| F|  |TAMS 0x000000008a200000, 0x000000008a200000| Untracked 
|  87|0x000000008a300000, 0x000000008a300000, 0x000000008a400000|  0%| F|  |TAMS 0x000000008a300000, 0x000000008a300000| Untracked 
|  88|0x000000008a400000, 0x000000008a400000, 0x000000008a500000|  0%| F|  |TAMS 0x000000008a400000, 0x000000008a400000| Untracked 
|  89|0x000000008a500000, 0x000000008a500000, 0x000000008a600000|  0%| F|  |TAMS 0x000000008a500000, 0x000000008a500000| Untracked 
|  90|0x000000008a600000, 0x000000008a600000, 0x000000008a700000|  0%| F|  |TAMS 0x000000008a600000, 0x000000008a600000| Untracked 
|  91|0x000000008a700000, 0x000000008a700000, 0x000000008a800000|  0%| F|  |TAMS 0x000000008a700000, 0x000000008a700000| Untracked 
|  92|0x000000008a800000, 0x000000008a800000, 0x000000008a900000|  0%| F|  |TAMS 0x000000008a800000, 0x000000008a800000| Untracked 
|  93|0x000000008a900000, 0x000000008a900000, 0x000000008aa00000|  0%| F|  |TAMS 0x000000008a900000, 0x000000008a900000| Untracked 
|  94|0x000000008aa00000, 0x000000008aa00000, 0x000000008ab00000|  0%| F|  |TAMS 0x000000008aa00000, 0x000000008aa00000| Untracked 
|  95|0x000000008ab00000, 0x000000008ab00000, 0x000000008ac00000|  0%| F|  |TAMS 0x000000008ab00000, 0x000000008ab00000| Untracked 
|  96|0x000000008ac00000, 0x000000008ac00000, 0x000000008ad00000|  0%| F|  |TAMS 0x000000008ac00000, 0x000000008ac00000| Untracked 
|  97|0x000000008ad00000, 0x000000008ad00000, 0x000000008ae00000|  0%| F|  |TAMS 0x000000008ad00000, 0x000000008ad00000| Untracked 
|  98|0x000000008ae00000, 0x000000008ae00000, 0x000000008af00000|  0%| F|  |TAMS 0x000000008ae00000, 0x000000008ae00000| Untracked 
|  99|0x000000008af00000, 0x000000008af00000, 0x000000008b000000|  0%| F|  |TAMS 0x000000008af00000, 0x000000008af00000| Untracked 
| 100|0x000000008b000000, 0x000000008b000000, 0x000000008b100000|  0%| F|  |TAMS 0x000000008b000000, 0x000000008b000000| Untracked 
| 101|0x000000008b100000, 0x000000008b100000, 0x000000008b200000|  0%| F|  |TAMS 0x000000008b100000, 0x000000008b100000| Untracked 
| 102|0x000000008b200000, 0x000000008b200000, 0x000000008b300000|  0%| F|  |TAMS 0x000000008b200000, 0x000000008b200000| Untracked 
| 103|0x000000008b300000, 0x000000008b300000, 0x000000008b400000|  0%| F|  |TAMS 0x000000008b300000, 0x000000008b300000| Untracked 
| 104|0x000000008b400000, 0x000000008b400000, 0x000000008b500000|  0%| F|  |TAMS 0x000000008b400000, 0x000000008b400000| Untracked 
| 105|0x000000008b500000, 0x000000008b500000, 0x000000008b600000|  0%| F|  |TAMS 0x000000008b500000, 0x000000008b500000| Untracked 
| 106|0x000000008b600000, 0x000000008b600000, 0x000000008b700000|  0%| F|  |TAMS 0x000000008b600000, 0x000000008b600000| Untracked 
| 107|0x000000008b700000, 0x000000008b700000, 0x000000008b800000|  0%| F|  |TAMS 0x000000008b700000, 0x000000008b700000| Untracked 
| 108|0x000000008b800000, 0x000000008b800000, 0x000000008b900000|  0%| F|  |TAMS 0x000000008b800000, 0x000000008b800000| Untracked 
| 109|0x000000008b900000, 0x000000008b900000, 0x000000008ba00000|  0%| F|  |TAMS 0x000000008b900000, 0x000000008b900000| Untracked 
| 110|0x000000008ba00000, 0x000000008ba00000, 0x000000008bb00000|  0%| F|  |TAMS 0x000000008ba00000, 0x000000008ba00000| Untracked 
| 111|0x000000008bb00000, 0x000000008bb00000, 0x000000008bc00000|  0%| F|  |TAMS 0x000000008bb00000, 0x000000008bb00000| Untracked 
| 112|0x000000008bc00000, 0x000000008bc00000, 0x000000008bd00000|  0%| F|  |TAMS 0x000000008bc00000, 0x000000008bc00000| Untracked 
| 113|0x000000008bd00000, 0x000000008bd00000, 0x000000008be00000|  0%| F|  |TAMS 0x000000008bd00000, 0x000000008bd00000| Untracked 
| 114|0x000000008be00000, 0x000000008be00000, 0x000000008bf00000|  0%| F|  |TAMS 0x000000008be00000, 0x000000008be00000| Untracked 
| 115|0x000000008bf00000, 0x000000008bf00000, 0x000000008c000000|  0%| F|  |TAMS 0x000000008bf00000, 0x000000008bf00000| Untracked 
| 116|0x000000008c000000, 0x000000008c000000, 0x000000008c100000|  0%| F|  |TAMS 0x000000008c000000, 0x000000008c000000| Untracked 
| 117|0x000000008c100000, 0x000000008c100000, 0x000000008c200000|  0%| F|  |TAMS 0x000000008c100000, 0x000000008c100000| Untracked 
| 118|0x000000008c200000, 0x000000008c200000, 0x000000008c300000|  0%| F|  |TAMS 0x000000008c200000, 0x000000008c200000| Untracked 
| 119|0x000000008c300000, 0x000000008c300000, 0x000000008c400000|  0%| F|  |TAMS 0x000000008c300000, 0x000000008c300000| Untracked 
| 120|0x000000008c400000, 0x000000008c400000, 0x000000008c500000|  0%| F|  |TAMS 0x000000008c400000, 0x000000008c400000| Untracked 
| 121|0x000000008c500000, 0x000000008c5bb040, 0x000000008c600000| 73%| S|CS|TAMS 0x000000008c500000, 0x000000008c500000| Complete 
| 122|0x000000008c600000, 0x000000008c600000, 0x000000008c700000|  0%| F|  |TAMS 0x000000008c600000, 0x000000008c600000| Untracked 
| 123|0x000000008c700000, 0x000000008c700000, 0x000000008c800000|  0%| F|  |TAMS 0x000000008c700000, 0x000000008c700000| Untracked 

Card table byte_map: [0x0000021fabea0000,0x0000021fac280000] _byte_map_base: 0x0000021faba7a000

Marking Bits (Prev, Next): (CMBitMap*) 0x0000021f95101998, (CMBitMap*) 0x0000021f951019d0
 Prev Bits: [0x0000021fac660000, 0x0000021fae530000)
 Next Bits: [0x0000021fae530000, 0x0000021fb0400000)

Polling page: 0x0000021f93000000

Metaspace:

Usage:
  Non-class:      4.98 MB capacity,     4.97 MB (>99%) used,    10.21 KB ( <1%) free+waste,     3.25 KB ( <1%) overhead. 
      Class:    508.00 KB capacity,   495.78 KB ( 98%) used,    10.47 KB (  2%) free+waste,     1.75 KB ( <1%) overhead. 
       Both:      5.48 MB capacity,     5.46 MB (>99%) used,    20.68 KB ( <1%) free+waste,     5.00 KB ( <1%) overhead. 

Virtual space:
  Non-class space:       16.00 MB reserved,       5.00 MB ( 31%) committed 
      Class space:        1.00 GB reserved,     512.00 KB ( <1%) committed 
             Both:        1.02 GB reserved,       5.50 MB ( <1%) committed 

Chunk freelists:
   Non-Class:  2.00 KB
       Class:  512 bytes
        Both:  2.50 KB

CodeHeap 'non-profiled nmethods': size=120000Kb used=52Kb max_used=52Kb free=119947Kb
 bounds [0x0000021fa4260000, 0x0000021fa44d0000, 0x0000021fab790000]
CodeHeap 'profiled nmethods': size=120000Kb used=193Kb max_used=193Kb free=119806Kb
 bounds [0x0000021f9cd30000, 0x0000021f9cfa0000, 0x0000021fa4260000]
CodeHeap 'non-nmethods': size=5760Kb used=1046Kb max_used=1056Kb free=4714Kb
 bounds [0x0000021f9c790000, 0x0000021f9ca00000, 0x0000021f9cd30000]
 total_blobs=493 nmethods=184 adapters=221
 compilation: enabled
              stopped_count=0, restarted_count=0
 full_count=0

Compilation events (10 events):
Event: 0.137 Thread 0x0000021fb36f0000 nmethod 184 0x0000021fa426ca90 code [0x0000021fa426cc20, 0x0000021fa426ccd8]
Event: 0.139 Thread 0x0000021fb36ee000 nmethod 175 0x0000021fa426cd90 code [0x0000021fa426cf20, 0x0000021fa426d218]
Event: 0.139 Thread 0x0000021fb36ee000  182       4       java.util.HashMap::putVal (300 bytes)
Event: 0.139 Thread 0x0000021fb36f0000  185       3       java.lang.CharacterDataLatin1::getProperties (11 bytes)
Event: 0.139 Thread 0x0000021fb36f0000 nmethod 185 0x0000021f9cd5ec10 code [0x0000021f9cd5eda0, 0x0000021f9cd5eed8]
Event: 0.139 Thread 0x0000021fb36f0000  186       3       java.lang.StringBuilder::append (8 bytes)
Event: 0.140 Thread 0x0000021fb36f0000 nmethod 186 0x0000021f9cd5ef90 code [0x0000021f9cd5f140, 0x0000021f9cd5f288]
Event: 0.140 Thread 0x0000021fb36f0000  187       3       java.lang.AbstractStringBuilder::append (45 bytes)
Event: 0.140 Thread 0x0000021fb36f0000 nmethod 187 0x0000021f9cd5f310 code [0x0000021f9cd5f520, 0x0000021f9cd5fa38]
Event: 0.143 Thread 0x0000021fb36f0000  188       3       java.lang.String::charAt (25 bytes)

GC Heap History (1 events):
Event: 0.143 GC heap before
{Heap before GC invocations=0 (full 0):
 garbage-first heap   total 126976K, used 1024K [0x0000000084c00000, 0x0000000100000000)
  region size 1024K, 2 young (2048K), 0 survivors (0K)
 Metaspace       used 5586K, capacity 5612K, committed 5632K, reserved 1062912K
  class space    used 495K, capacity 508K, committed 512K, reserved 1048576K
}

Deoptimization events (2 events):
Event: 0.117 Thread 0x0000021f950c5000 Uncommon trap: reason=unstable_if action=reinterpret pc=0x0000021fa4264bd8 method=java.lang.String.isLatin1()Z @ 10 c2
Event: 0.141 Thread 0x0000021f950c5000 Uncommon trap: reason=unstable_if action=reinterpret pc=0x0000021fa4264e70 method=java.lang.String.isLatin1()Z @ 10 c2

Classes redefined (0 events):
No events

Internal exceptions (4 events):
Event: 0.124 Thread 0x0000021f950c5000 Exception <a 'sun/nio/fs/WindowsException'{0x000000008c656cf8}> (0x000000008c656cf8) thrown at [./open/src/hotspot/share/prims/jni.cpp, line 611]
Event: 0.124 Thread 0x0000021f950c5000 Exception <a 'sun/nio/fs/WindowsException'{0x000000008c6572b8}> (0x000000008c6572b8) thrown at [./open/src/hotspot/share/prims/jni.cpp, line 611]
Event: 0.126 Thread 0x0000021f950c5000 Exception <a 'sun/nio/fs/WindowsException'{0x000000008c6598c0}> (0x000000008c6598c0) thrown at [./open/src/hotspot/share/prims/jni.cpp, line 611]
Event: 0.126 Thread 0x0000021f950c5000 Exception <a 'sun/nio/fs/WindowsException'{0x000000008c65a490}> (0x000000008c65a490) thrown at [./open/src/hotspot/share/prims/jni.cpp, line 611]

Events (10 events):
Event: 0.142 loading class sun/nio/cs/ThreadLocalCoders$1 done
Event: 0.142 loading class sun/nio/cs/ThreadLocalCoders$2
Event: 0.142 loading class sun/nio/cs/ThreadLocalCoders$2 done
Event: 0.142 loading class sun/nio/cs/UTF_8$Decoder
Event: 0.142 loading class sun/nio/cs/UTF_8$Decoder done
Event: 0.143 loading class java/nio/charset/CoderResult
Event: 0.143 loading class java/nio/charset/CoderResult done
Event: 0.143 loading class java/util/zip/ZipCoder
Event: 0.143 loading class java/util/zip/ZipCoder done
Event: 0.143 Executing VM operation: CollectForMetadataAllocation


Dynamic libraries:
0x00007ff6ea770000 - 0x00007ff6ea77f000 	C:\Program Files\Java\jdk-11.0.17\bin\java.exe
0x00007fff25a70000 - 0x00007fff25c87000 	C:\WINDOWS\SYSTEM32\ntdll.dll
0x00007fff249d0000 - 0x00007fff24a94000 	C:\WINDOWS\System32\KERNEL32.DLL
0x00007fff23300000 - 0x00007fff236a6000 	C:\WINDOWS\System32\KERNELBASE.dll
0x00007fff22f10000 - 0x00007fff23021000 	C:\WINDOWS\System32\ucrtbase.dll
0x00007fff19520000 - 0x00007fff19538000 	C:\Program Files\Java\jdk-11.0.17\bin\jli.dll
0x00007fff15af0000 - 0x00007fff15b05000 	C:\Program Files\Java\jdk-11.0.17\bin\VCRUNTIME140.dll
0x00007fff24d10000 - 0x00007fff24dc0000 	C:\WINDOWS\System32\ADVAPI32.dll
0x00007fff24900000 - 0x00007fff249a7000 	C:\WINDOWS\System32\msvcrt.dll
0x00007fff23b50000 - 0x00007fff23bf6000 	C:\WINDOWS\System32\sechost.dll
0x00007fff24f80000 - 0x00007fff25097000 	C:\WINDOWS\System32\RPCRT4.dll
0x00007fff239a0000 - 0x00007fff23b4d000 	C:\WINDOWS\System32\USER32.dll
0x00007fff23160000 - 0x00007fff23186000 	C:\WINDOWS\System32\win32u.dll
0x00007fff23c00000 - 0x00007fff23c29000 	C:\WINDOWS\System32\GDI32.dll
0x00007fff18b20000 - 0x00007fff18db3000 	C:\WINDOWS\WinSxS\amd64_microsoft.windows.common-controls_6595b64144ccf1df_6.0.22621.2361_none_2712ced57382f843\COMCTL32.dll
0x00007fff22df0000 - 0x00007fff22f08000 	C:\WINDOWS\System32\gdi32full.dll
0x00007fff236b0000 - 0x00007fff2374a000 	C:\WINDOWS\System32\msvcp_win.dll
0x00007fff1a4a0000 - 0x00007fff1a4aa000 	C:\WINDOWS\SYSTEM32\VERSION.dll
0x00007fff24690000 - 0x00007fff246c1000 	C:\WINDOWS\System32\IMM32.DLL
0x00007ffef3b40000 - 0x00007ffef3bdb000 	C:\Program Files\Java\jdk-11.0.17\bin\msvcp140.dll
0x00007ffe79310000 - 0x00007ffe79e2a000 	C:\Program Files\Java\jdk-11.0.17\bin\server\jvm.dll
0x00007fff24bd0000 - 0x00007fff24bd8000 	C:\WINDOWS\System32\PSAPI.DLL
0x00007fff19fb0000 - 0x00007fff19fe4000 	C:\WINDOWS\SYSTEM32\WINMM.dll
0x00007fff19350000 - 0x00007fff19359000 	C:\WINDOWS\SYSTEM32\WSOCK32.dll
0x00007fff258b0000 - 0x00007fff25921000 	C:\WINDOWS\System32\WS2_32.dll
0x00007fff21e00000 - 0x00007fff21e18000 	C:\WINDOWS\SYSTEM32\kernel.appcore.dll
0x00007fff167b0000 - 0x00007fff167c0000 	C:\Program Files\Java\jdk-11.0.17\bin\verify.dll
0x00007fff200a0000 - 0x00007fff202ce000 	C:\WINDOWS\SYSTEM32\DBGHELP.DLL
0x00007fff25520000 - 0x00007fff258aa000 	C:\WINDOWS\System32\combase.dll
0x00007fff24ac0000 - 0x00007fff24b97000 	C:\WINDOWS\System32\OLEAUT32.dll
0x00007fff192d0000 - 0x00007fff19302000 	C:\WINDOWS\SYSTEM32\dbgcore.DLL
0x00007fff23750000 - 0x00007fff237ca000 	C:\WINDOWS\System32\bcryptPrimitives.dll
0x00007fff0fd70000 - 0x00007fff0fd98000 	C:\Program Files\Java\jdk-11.0.17\bin\java.dll
0x00007fff15ae0000 - 0x00007fff15aea000 	C:\Program Files\Java\jdk-11.0.17\bin\jimage.dll
0x00007fff14e70000 - 0x00007fff14e86000 	C:\Program Files\Java\jdk-11.0.17\bin\zip.dll
0x00007fff23dd0000 - 0x00007fff24628000 	C:\WINDOWS\System32\SHELL32.dll
0x00007fff20d00000 - 0x00007fff215f2000 	C:\WINDOWS\SYSTEM32\windows.storage.dll
0x00007fff20bc0000 - 0x00007fff20cfe000 	C:\WINDOWS\SYSTEM32\wintypes.dll
0x00007fff25930000 - 0x00007fff25a23000 	C:\WINDOWS\System32\SHCORE.dll
0x00007fff24630000 - 0x00007fff2468e000 	C:\WINDOWS\System32\shlwapi.dll
0x00007fff22d20000 - 0x00007fff22d46000 	C:\WINDOWS\SYSTEM32\profapi.dll
0x00007fff0fd50000 - 0x00007fff0fd69000 	C:\Program Files\Java\jdk-11.0.17\bin\net.dll
0x00007fff1dc20000 - 0x00007fff1dd57000 	C:\WINDOWS\SYSTEM32\WINHTTP.dll
0x00007fff222b0000 - 0x00007fff22319000 	C:\WINDOWS\system32\mswsock.dll
0x00007fff0fd30000 - 0x00007fff0fd42000 	C:\Program Files\Java\jdk-11.0.17\bin\nio.dll

dbghelp: loaded successfully - version: 4.0.5 - missing functions: none
symbol engine: initialized successfully - sym options: 0x614 - pdb path: .;C:\Program Files\Java\jdk-11.0.17\bin;C:\WINDOWS\SYSTEM32;C:\WINDOWS\WinSxS\amd64_microsoft.windows.common-controls_6595b64144ccf1df_6.0.22621.2361_none_2712ced57382f843;C:\Program Files\Java\jdk-11.0.17\bin\server

VM Arguments:
jvm_args: -Dfile.encoding=UTF-8 --module-path=C:\Users\LENOVO\OneDrive\Documents\NetBeansProjects\UniversityMangementSystem\build\classes 
java_command: Univerist.management.system.Project
java_class_path (initial): C:\Program Files (x86)\MySQL\Connector J 8.0\mysql-connector-j-8.0.33.jar;C:\Users\LENOVO\OneDrive\Documents\NetBeansProjects\UniversityMangementSystem\build\classes
Launcher Type: SUN_STANDARD

[Global flags]
     intx CICompilerCount                          = 4                                         {product} {ergonomic}
     uint ConcGCThreads                            = 2                                         {product} {ergonomic}
     uint G1ConcRefinementThreads                  = 8                                         {product} {ergonomic}
   size_t G1HeapRegionSize                         = 1048576                                   {product} {ergonomic}
    uintx GCDrainStackTargetSize                   = 64                                        {product} {ergonomic}
   size_t InitialHeapSize                          = 130023424                                 {product} {ergonomic}
   size_t MarkStackSize                            = 4194304                                   {product} {ergonomic}
   size_t MaxHeapSize                              = 2067791872                                {product} {ergonomic}
   size_t MaxNewSize                               = 1240465408                                {product} {ergonomic}
   size_t MinHeapDeltaBytes                        = 1048576                                   {product} {ergonomic}
    uintx NonNMethodCodeHeapSize                   = 5836300                                {pd product} {ergonomic}
    uintx NonProfiledCodeHeapSize                  = 122910970                              {pd product} {ergonomic}
    uintx ProfiledCodeHeapSize                     = 122910970                              {pd product} {ergonomic}
    uintx ReservedCodeCacheSize                    = 251658240                              {pd product} {ergonomic}
     bool SegmentedCodeCache                       = true                                      {product} {ergonomic}
     bool UseCompressedClassPointers               = true                                 {lp64_product} {ergonomic}
     bool UseCompressedOops                        = true                                 {lp64_product} {ergonomic}
     bool UseG1GC                                  = true                                      {product} {ergonomic}
     bool UseLargePagesIndividualAllocation        = false                                  {pd product} {ergonomic}

Logging:
Log output configuration:
 #0: stdout all=warning uptime,level,tags
 #1: stderr all=off uptime,level,tags

Environment Variables:
CLASSPATH=C:\Program Files\Java\jdk-11.0.17\lib;C:\Program Files (x86)\MySQL\Connector J 8.0\mysql-connector-j-8.0.33.jar;
PATH=C:\Program Files\Common Files\Oracle\Java\javapath;C:\Program Files (x86)\VMware\VMware Workstation\bin\;C:\WINDOWS\system32;C:\WINDOWS;C:\WINDOWS\System32\Wbem;C:\WINDOWS\System32\WindowsPowerShell\v1.0\;C:\WINDOWS\System32\OpenSSH\;C:\Program Files\MySQL\MySQL Server 8.0\bin;C:\Program Files\Git\cmd;C:\Program Files\nodejs\;C:\Program Files\PuTTY\;C:\Program Files\Amazon\AWSCLIV2\;C:\MinGW\bin;C:\Program Files\MySQL\MySQL Shell 8.0\bin\;C:\Users\LENOVO\AppData\Local\Microsoft\WindowsApps;C:\Users\LENOVO\AppData\Local\atom\bin;C:\Users\LENOVO\AppData\Local\Microsoft\WindowsApps;C:\Program Files\JetBrains\PyCharm Community Edition 2022.2.3\bin;;C:\Users\LENOVO\AppData\Roaming\Microsoft\Windows\Start Menu\Programs\Python 3.10;C:\Program Files\Java\jdk-11.0.17\bin;C:\Users\LENOVO\AppData\Local\Programs\Hyper\resources\bin;C:\Users\LENOVO\AppData\Roaming\npm;C:\Program Files\MySQL\MySQL Server 8.0\bin;C:\Program Files\Java\jdk-11.0.17\bin;C:\Users\LENOVO\AppData\Local\Programs\Microsoft VS Code\bin;C:\MinGW\bin;
USERNAME=LENOVO
OS=Windows_NT
PROCESSOR_IDENTIFIER=Intel64 Family 6 Model 140 Stepping 1, GenuineIntel



---------------  S Y S T E M  ---------------

OS: Windows 11 , 64 bit Build 22621 (10.0.22621.2428)
Hyper-V role detected

CPU:total 8 (initial active 8) (4 cores per cpu, 2 threads per core) family 6 model 140 stepping 1 microcode 0xa4, cmov, cx8, fxsr, mmx, sse, sse2, sse3, ssse3, sse4.1, sse4.2, popcnt, avx, avx2, aes, clmul, erms, 3dnowpref, lzcnt, ht, tsc, tscinvbit, bmi1, bmi2, adx, evex, sha, fma

Memory: 4k page, system-wide physical 7886M (337M free)
TotalPageFile size 32462M (AvailPageFile size 4M)
current process WorkingSet (physical memory assigned to process): 36M, peak: 36M
current process commit charge ("private bytes"): 201M, peak: 202M

vm_info: Java HotSpot(TM) 64-Bit Server VM (11.0.17+10-LTS-269) for windows-amd64 JRE (11.0.17+10-LTS-269), built on Sep 13 2022 19:26:37 by "mach5one" with MS VC++ 15.9 (VS2017)

END.
